<?xml version="1.0" encoding="UTF-8"?>
<!-- Generated by org.testng.reporters.JUnitReportReporter -->
<testsuite hostname="Ricardos-MacBook-Pro.local" failures="0" tests="2" name="saucedemo.LoginPOM" time="27.928" errors="0" timestamp="22 Jun 2024 17:47:49 GMT" skipped="0">
  <testcase classname="saucedemo.LoginPOM" name="test001" time="20.057"/>
  <testcase classname="saucedemo.LoginPOM" name="test002" time="7.871"/>
</testsuite> <!-- saucedemo.LoginPOM -->
