<?xml version="1.0" encoding="UTF-8"?>
<!-- Generated by org.testng.reporters.JUnitReportReporter -->
<testsuite hostname="Ricardos-MacBook-Pro.local" failures="0" tests="1" name="saucedemo.LoginPOM" time="10.903" errors="0" timestamp="29 Jun 2024 14:56:28 GMT" skipped="0">
  <testcase classname="saucedemo.LoginPOM" name="test001" time="10.903"/>
</testsuite> <!-- saucedemo.LoginPOM -->
